The date today is Wed Sep 26 00:41:59 EDT 2018
insertion sort with random list
1000	1.267000	1
4000	27.848000	1
8000	157.166000	1
12000	410.021000	1
16000	764.588000	1
insertion sort with ascending list
1000	2.532000	1
4000	39.252000	1
8000	155.391000	1
12000	348.499000	1
16000	624.000000	1
insertion sort with descending list
1000	0.064000	1
4000	0.242000	1
8000	0.428000	1
12000	0.649000	1
16000	1.043000	1
recursive selection sort with random list
1000	2.967000	2
4000	47.008000	2
8000	194.546000	2
12000	451.536000	2
16000	799.356000	2
recursive selection sort with ascending list
1000	2.567000	2
4000	43.768000	2
8000	175.485000	2
12000	391.999000	2
16000	696.845000	2
recursive selection sort with descending list
1000	2.832000	2
4000	44.728000	2
8000	174.703000	2
12000	413.331000	2
16000	696.618000	2
iterative selection sort with random list
1000	3.185000	3
4000	49.991000	3
8000	207.153000	3
12000	488.281000	3
16000	909.497000	3
iterative selection sort with ascending list
1000	3.279000	3
4000	46.728000	3
8000	187.488000	3
12000	428.573000	3
16000	743.137000	3
iterative selection sort with descending list
1000	2.714000	3
4000	44.784000	3
8000	197.528000	3
12000	400.581000	3
16000	715.191000	3
merge sort with random list
16000	19.687000	4
100000	148.368000	4
200000	353.628000	4
300000	598.418000	4
400000	789.787000	4
merge sort with ascending list
16000	16.733000	4
100000	121.198000	4
200000	259.327000	4
300000	398.417000	4
400000	536.447000	4
merge sort with descending list
16000	17.014000	4
100000	123.849000	4
200000	259.694000	4
300000	403.392000	4
400000	544.636000	4
end
